<?xml version="1.0" encoding="UTF-8"?>
<!-- Generated by org.testng.reporters.JUnitReportReporter -->
<testsuite skipped="0" hostname="LAPTOP-49HIEEMJ" name="org.iit.patientmodule.tests.EiditUpdateTests" tests="1" failures="0" timestamp="13 Sep 2020 22:55:13 GMT" time="12.122" errors="0">
  <testcase name="validateEidtfuntioality" time="12.122" classname="org.iit.patientmodule.tests.EiditUpdateTests"/>
</testsuite> <!-- org.iit.patientmodule.tests.EiditUpdateTests -->
