<?xml version="1.0" encoding="UTF-8"?>
<!-- Generated by org.testng.reporters.JUnitReportReporter -->
<testsuite skipped="0" hostname="LAPTOP-49HIEEMJ" name="mmp.LoginTests" tests="1" failures="0" timestamp="12 Sep 2020 23:03:07 GMT" time="0.022" errors="0">
  <testcase name="validateLogin" time="0.022" classname="mmp.LoginTests"/>
</testsuite> <!-- mmp.LoginTests -->
