<?xml version="1.0" encoding="UTF-8"?>
<!-- Generated by org.testng.reporters.JUnitReportReporter -->
<testsuite skipped="0" hostname="LAPTOP-49HIEEMJ" name="org.iit.patientmodule.tests.EiditUpdateTests" tests="1" failures="0" timestamp="28 Sep 2020 19:27:04 GMT" time="14.379" errors="0">
  <testcase name="validateEidtfuntioality" time="14.379" classname="org.iit.patientmodule.tests.EiditUpdateTests"/>
</testsuite> <!-- org.iit.patientmodule.tests.EiditUpdateTests -->
